<?xml version="1.0" encoding="UTF-8"?>
<!-- Generated by org.testng.reporters.JUnitReportReporter -->
<testsuite skipped="0" hostname="syed-VAIO" name="testcases.LoginApplication" tests="2" failures="0" timestamp="01 Nov 2017 16:31:18 GMT" time="32.699" errors="0">
  <testcase name="SearchItem" time="14.106" classname="testcases.LoginApplication"/>
  <testcase name="Login" time="18.593" classname="testcases.LoginApplication"/>
</testsuite> <!-- testcases.LoginApplication -->
